Using pre-set license
Built from '2022.3/release' branch; Version is '2022.3.12f1 (4fe6e059c7ef) revision 5236448'; Using compiler version '192829333'; Build Type 'Release'
OS: 'Windows 10  (10.0.19045) 64bit Professional' Language: 'en' Physical Memory: 3975 MB
BatchMode: 1, IsHumanControllingUs: 0, StartBugReporterOnCrash: 0, Is64bit: 1, IsPro: 1

COMMAND LINE ARGUMENTS:
C:\Program Files\Unity 2022.3.12f1\Editor\Unity.exe
-adb2
-batchMode
-noUpm
-name
AssetImportWorker0
-projectPath
C:/Unity/CaRacing
-logFile
Logs/AssetImportWorker0.log
-srvPort
64293
Successfully changed project path to: C:/Unity/CaRacing
C:/Unity/CaRacing
[UnityMemory] Configuration Parameters - Can be set up in boot.config
    "memorysetup-bucket-allocator-granularity=16"
    "memorysetup-bucket-allocator-bucket-count=8"
    "memorysetup-bucket-allocator-block-size=33554432"
    "memorysetup-bucket-allocator-block-count=8"
    "memorysetup-main-allocator-block-size=16777216"
    "memorysetup-thread-allocator-block-size=16777216"
    "memorysetup-gfx-main-allocator-block-size=16777216"
    "memorysetup-gfx-thread-allocator-block-size=16777216"
    "memorysetup-cache-allocator-block-size=4194304"
    "memorysetup-typetree-allocator-block-size=2097152"
    "memorysetup-profiler-bucket-allocator-granularity=16"
    "memorysetup-profiler-bucket-allocator-bucket-count=8"
    "memorysetup-profiler-bucket-allocator-block-size=33554432"
    "memorysetup-profiler-bucket-allocator-block-count=8"
    "memorysetup-profiler-allocator-block-size=16777216"
    "memorysetup-profiler-editor-allocator-block-size=1048576"
    "memorysetup-temp-allocator-size-main=16777216"
    "memorysetup-job-temp-allocator-block-size=2097152"
    "memorysetup-job-temp-allocator-block-size-background=1048576"
    "memorysetup-job-temp-allocator-reduction-small-platforms=262144"
    "memorysetup-allocator-temp-initial-block-size-main=262144"
    "memorysetup-allocator-temp-initial-block-size-worker=262144"
    "memorysetup-temp-allocator-size-background-worker=32768"
    "memorysetup-temp-allocator-size-job-worker=262144"
    "memorysetup-temp-allocator-size-preload-manager=33554432"
    "memorysetup-temp-allocator-size-nav-mesh-worker=65536"
    "memorysetup-temp-allocator-size-audio-worker=65536"
    "memorysetup-temp-allocator-size-cloud-worker=32768"
    "memorysetup-temp-allocator-size-gi-baking-worker=262144"
    "memorysetup-temp-allocator-size-gfx=262144"
Player connection [13760] Host "[IP] 192.168.100.7 [Port] 0 [Flags] 2 [Guid] 1960042712 [EditorId] 1960042712 [Version] 1048832 [Id] WindowsEditor(7,THINK) [Debug] 1 [PackageName] WindowsEditor [ProjectName] Editor" joined multi-casting on [225.0.0.222:54997]...

Player connection [13760] Host "[IP] 192.168.100.7 [Port] 0 [Flags] 2 [Guid] 1960042712 [EditorId] 1960042712 [Version] 1048832 [Id] WindowsEditor(7,THINK) [Debug] 1 [PackageName] WindowsEditor [ProjectName] Editor" joined alternative multi-casting on [225.0.0.222:34997]...

[Physics::Module] Initialized MultithreadedJobDispatcher with 3 workers.
Refreshing native plugins compatible for Editor in 439.21 ms, found 3 plugins.
Preloading 0 native plugins for Editor in 0.00 ms.
Initialize engine version: 2022.3.12f1 (4fe6e059c7ef)
[Subsystems] Discovering subsystems at path C:/Program Files/Unity 2022.3.12f1/Editor/Data/Resources/UnitySubsystems
[Subsystems] Discovering subsystems at path C:/Unity/CaRacing/Assets
GfxDevice: creating device client; threaded=0; jobified=0
Direct3D:
    Version:  Direct3D 11.0 [level 11.1]
    Renderer: Intel(R) HD Graphics 5500 (ID=0x1616)
    Vendor:   Intel
    VRAM:     1987 MB
    Driver:   20.19.15.5126
Initialize mono
Mono path[0] = 'C:/Program Files/Unity 2022.3.12f1/Editor/Data/Managed'
Mono path[1] = 'C:/Program Files/Unity 2022.3.12f1/Editor/Data/MonoBleedingEdge/lib/mono/unityjit-win32'
Mono config path = 'C:/Program Files/Unity 2022.3.12f1/Editor/Data/MonoBleedingEdge/etc'
Using monoOptions --debugger-agent=transport=dt_socket,embedding=1,server=y,suspend=n,address=127.0.0.1:56220
Begin MonoManager ReloadAssembly
Registering precompiled unity dll's ...
Register platform support module: C:/Program Files/Unity 2022.3.12f1/Editor/Data/PlaybackEngines/AndroidPlayer/UnityEditor.Android.Extensions.dll
Register platform support module: C:/Program Files/Unity 2022.3.12f1/Editor/Data/PlaybackEngines/WindowsStandaloneSupport/UnityEditor.WindowsStandalone.Extensions.dll
Registered in 0.018296 seconds.
- Loaded All Assemblies, in  3.456 seconds
Native extension for WindowsStandalone target not found
Native extension for Android target not found
Mono: successfully reloaded assembly
- Finished resetting the current domain, in  0.642 seconds
Domain Reload Profiling: 4097ms
	BeginReloadAssembly (2468ms)
		ExecutionOrderSort (0ms)
		DisableScriptedObjects (0ms)
		BackupInstance (0ms)
		ReleaseScriptingObjects (0ms)
		CreateAndSetChildDomain (2ms)
	RebuildCommonClasses (85ms)
	RebuildNativeTypeToScriptingClass (17ms)
	initialDomainReloadingComplete (381ms)
	LoadAllAssembliesAndSetupDomain (501ms)
		LoadAssemblies (2514ms)
		RebuildTransferFunctionScriptingTraits (0ms)
		AnalyzeDomain (447ms)
			TypeCache.Refresh (444ms)
				TypeCache.ScanAssembly (420ms)
			ScanForSourceGeneratedMonoScriptInfo (1ms)
			ResolveRequiredComponents (1ms)
	FinalizeReload (644ms)
		ReleaseScriptCaches (0ms)
		RebuildScriptCaches (0ms)
		SetupLoadedEditorAssemblies (536ms)
			LogAssemblyErrors (0ms)
			InitializePlatformSupportModulesInManaged (212ms)
			SetLoadedEditorAssemblies (9ms)
			RefreshPlugins (0ms)
			BeforeProcessingInitializeOnLoad (4ms)
			ProcessInitializeOnLoadAttributes (208ms)
			ProcessInitializeOnLoadMethodAttributes (103ms)
			AfterProcessingInitializeOnLoad (0ms)
			EditorAssembliesLoaded (0ms)
		ExecutionOrderSort2 (0ms)
		AwakeInstancesAfterBackupRestoration (0ms)
========================================================================
Worker process is ready to serve import requests
Begin MonoManager ReloadAssembly
- Loaded All Assemblies, in 12.551 seconds
Refreshing native plugins compatible for Editor in 367.45 ms, found 3 plugins.
Native extension for WindowsStandalone target not found
Native extension for Android target not found
Package Manager log level set to [2]
[Package Manager] Server::EnsureServerProcessIsRunning -- launch failed, reason: Unity was launched with the -noUpm command-line argument
[Package Manager] UpmClient::Send -- Unable to send message (not connected to UPM process).
[Package Manager] Cannot connect to Unity Package Manager local server
Mono: successfully reloaded assembly
- Finished resetting the current domain, in  2.103 seconds
Domain Reload Profiling: 14583ms
	BeginReloadAssembly (831ms)
		ExecutionOrderSort (0ms)
		DisableScriptedObjects (11ms)
		BackupInstance (0ms)
		ReleaseScriptingObjects (0ms)
		CreateAndSetChildDomain (76ms)
	RebuildCommonClasses (98ms)
	RebuildNativeTypeToScriptingClass (19ms)
	initialDomainReloadingComplete (182ms)
	LoadAllAssembliesAndSetupDomain (11348ms)
		LoadAssemblies (11685ms)
		RebuildTransferFunctionScriptingTraits (0ms)
		AnalyzeDomain (338ms)
			TypeCache.Refresh (306ms)
				TypeCache.ScanAssembly (278ms)
			ScanForSourceGeneratedMonoScriptInfo (22ms)
			ResolveRequiredComponents (8ms)
	FinalizeReload (2105ms)
		ReleaseScriptCaches (0ms)
		RebuildScriptCaches (0ms)
		SetupLoadedEditorAssemblies (1602ms)
			LogAssemblyErrors (0ms)
			InitializePlatformSupportModulesInManaged (39ms)
			SetLoadedEditorAssemblies (8ms)
			RefreshPlugins (0ms)
			BeforeProcessingInitializeOnLoad (152ms)
			ProcessInitializeOnLoadAttributes (1319ms)
			ProcessInitializeOnLoadMethodAttributes (70ms)
			AfterProcessingInitializeOnLoad (13ms)
			EditorAssembliesLoaded (0ms)
		ExecutionOrderSort2 (0ms)
		AwakeInstancesAfterBackupRestoration (18ms)
Launched and connected shader compiler UnityShaderCompiler.exe after 1.05 seconds
Refreshing native plugins compatible for Editor in 4.70 ms, found 3 plugins.
Preloading 0 native plugins for Editor in 0.00 ms.
Unloading 3103 Unused Serialized files (Serialized files now loaded: 0)
Unloading 44 unused Assets / (0.7 MB). Loaded Objects now: 3556.
Memory consumption went from 129.8 MB to 129.1 MB.
Total: 8.456200 ms (FindLiveObjects: 0.842300 ms CreateObjectMapping: 0.527800 ms MarkObjects: 6.557400 ms  DeleteObjects: 0.520200 ms)

AssetImportParameters requested are different than current active one (requested -> active):
  custom:container-demuxer-ogg: 62fdf1f143b41e24485cea50d1cbac27 -> 
  custom:video-decoder-ogg-theora: a1e56fd34408186e4bbccfd4996cb3dc -> 
  custom:framework-win-MediaFoundation: 216162199b28c13a410421893ffa2e32 -> 
  custom:CustomObjectIndexerAttribute: 756ad292c208cfabdd7b50bc23989ffe -> 
  custom:container-demuxer-webm: 4f35f7cbe854078d1ac9338744f61a02 -> 
  custom:container-muxer-webm: aa71ff27fc2769a1b78a27578f13a17b -> 
  custom:video-decoder-webm-vp8: 9c59270c3fd7afecdb556c50c9e8de78 -> 
  custom:SearchIndexIgnoredProperties: e643bd26f0fe6173181afceb89e7c659 -> 
  custom:AudioImporter_EditorPlatform: d09bf68614088b80899f8185d706f6e7 -> 
  custom:video-encoder-webm-vp8: eb34c28f22e8b96e1ab97ce403110664 -> 
  custom:audio-decoder-ogg-vorbis: bf7c407c2cedff20999df2af8eb42d56 -> 
  custom:audio-encoder-webm-vorbis: bf7c407c2cedff20999df2af8eb42d56 -> 
========================================================================
Received Import Request.
  Time since last request: 686690.030400 seconds.
  path: Assets/Meshes/Terrain-02.fbx
  artifactKey: Guid(6b9cfc749151c464d9092c917e2bbcba) Importer(815301076,1909f56bfc062723c751e8b465ee728b)
Start importing Assets/Meshes/Terrain-02.fbx using Guid(6b9cfc749151c464d9092c917e2bbcba) Importer(815301076,1909f56bfc062723c751e8b465ee728b)  -> (artifact id: 'efa738cf068cd5be0620675ac503e5f4') in 1.211574 seconds
Number of updated asset objects reloaded before import = 0
Number of asset objects unloaded after import = 8
========================================================================
Received Import Request.
  Time since last request: 0.045042 seconds.
  path: Assets/Meshes/Track-03.fbx
  artifactKey: Guid(9b94bbe8e95bc0b4daf1863d6a927980) Importer(815301076,1909f56bfc062723c751e8b465ee728b)
Start importing Assets/Meshes/Track-03.fbx using Guid(9b94bbe8e95bc0b4daf1863d6a927980) Importer(815301076,1909f56bfc062723c751e8b465ee728b)  -> (artifact id: '37a2ba9a5cbadee77431038025cd267b') in 0.268211 seconds
Number of updated asset objects reloaded before import = 0
Number of asset objects unloaded after import = 8
========================================================================
Received Import Request.
  Time since last request: 0.000149 seconds.
  path: Assets/Meshes/Terrain-01.fbx
  artifactKey: Guid(e643e1524afb2e44a9612aac4bdaee10) Importer(815301076,1909f56bfc062723c751e8b465ee728b)
Start importing Assets/Meshes/Terrain-01.fbx using Guid(e643e1524afb2e44a9612aac4bdaee10) Importer(815301076,1909f56bfc062723c751e8b465ee728b)  -> (artifact id: '2e9dde7b0cc24f4a960842e62f17e92e') in 0.030582 seconds
Number of updated asset objects reloaded before import = 0
Number of asset objects unloaded after import = 8
========================================================================
Received Import Request.
  Time since last request: 0.000194 seconds.
  path: Assets/Meshes/Track-05.fbx
  artifactKey: Guid(a6a04934c32546e4087cc16a9396e1d6) Importer(815301076,1909f56bfc062723c751e8b465ee728b)
Start importing Assets/Meshes/Track-05.fbx using Guid(a6a04934c32546e4087cc16a9396e1d6) Importer(815301076,1909f56bfc062723c751e8b465ee728b)  -> (artifact id: 'e4bf90c6f199c199658f817f07e3637c') in 0.122538 seconds
Number of updated asset objects reloaded before import = 0
Number of asset objects unloaded after import = 8
========================================================================
Received Import Request.
  Time since last request: 0.000093 seconds.
  path: Assets/Meshes/Track-01.fbx
  artifactKey: Guid(7855730541b609b44b9f263501dac7e4) Importer(815301076,1909f56bfc062723c751e8b465ee728b)
Start importing Assets/Meshes/Track-01.fbx using Guid(7855730541b609b44b9f263501dac7e4) Importer(815301076,1909f56bfc062723c751e8b465ee728b)  -> (artifact id: 'e532b32e81b6cd9c0288e6ecf9928b3b') in 0.049027 seconds
Number of updated asset objects reloaded before import = 0
Number of asset objects unloaded after import = 8
========================================================================
Received Import Request.
  Time since last request: 0.158523 seconds.
  path: Assets/Meshes/Arrows-05.fbx
  artifactKey: Guid(267ea70e8ff8f614fbdcc4abf9ce4701) Importer(815301076,1909f56bfc062723c751e8b465ee728b)
Start importing Assets/Meshes/Arrows-05.fbx using Guid(267ea70e8ff8f614fbdcc4abf9ce4701) Importer(815301076,1909f56bfc062723c751e8b465ee728b)  -> (artifact id: 'ddf1436ce2dc70eefa9d57ae86408164') in 0.033466 seconds
Number of updated asset objects reloaded before import = 0
Number of asset objects unloaded after import = 8
========================================================================
Received Import Request.
  Time since last request: 0.000116 seconds.
  path: Assets/Meshes/Props-02.fbx
  artifactKey: Guid(2f69b9076af2b914aad9abe1120ad17b) Importer(815301076,1909f56bfc062723c751e8b465ee728b)
Start importing Assets/Meshes/Props-02.fbx using Guid(2f69b9076af2b914aad9abe1120ad17b) Importer(815301076,1909f56bfc062723c751e8b465ee728b)  -> (artifact id: 'd8db51c1305d7f472bdeb516b02033dc') in 0.597475 seconds
Number of updated asset objects reloaded before import = 0
Number of asset objects unloaded after import = 95
========================================================================
Received Import Request.
  Time since last request: 0.000041 seconds.
  path: Assets/Meshes/Terrain-05.fbx
  artifactKey: Guid(876e04cddedf8834f8a3519978e7db02) Importer(815301076,1909f56bfc062723c751e8b465ee728b)
Start importing Assets/Meshes/Terrain-05.fbx using Guid(876e04cddedf8834f8a3519978e7db02) Importer(815301076,1909f56bfc062723c751e8b465ee728b)  -> (artifact id: '46e33e4f1f8d92004312f62b05d5fb84') in 0.085687 seconds
Number of updated asset objects reloaded before import = 0
Number of asset objects unloaded after import = 8
========================================================================
Received Import Request.
  Time since last request: 0.000039 seconds.
  path: Assets/Meshes/Cars.fbx
  artifactKey: Guid(137b6be9cb0883a44a5ba94de02f6037) Importer(815301076,1909f56bfc062723c751e8b465ee728b)
Start importing Assets/Meshes/Cars.fbx using Guid(137b6be9cb0883a44a5ba94de02f6037) Importer(815301076,1909f56bfc062723c751e8b465ee728b)  -> (artifact id: '2e9cbc2e33e0f004aa0c3a0758c9bb64') in 0.363423 seconds
Number of updated asset objects reloaded before import = 0
Number of asset objects unloaded after import = 33
========================================================================
Received Import Request.
  Time since last request: 0.000025 seconds.
  path: Assets/Meshes/Arrows-03.fbx
  artifactKey: Guid(9f67da966a6d27448b942a1b5e62b4b2) Importer(815301076,1909f56bfc062723c751e8b465ee728b)
Start importing Assets/Meshes/Arrows-03.fbx using Guid(9f67da966a6d27448b942a1b5e62b4b2) Importer(815301076,1909f56bfc062723c751e8b465ee728b)  -> (artifact id: 'd8dbabc0150404a0074e1adb6bbf3545') in 0.033684 seconds
Number of updated asset objects reloaded before import = 0
Number of asset objects unloaded after import = 8
========================================================================
Received Import Request.
  Time since last request: 0.000029 seconds.
  path: Assets/Meshes/Terrain-03.fbx
  artifactKey: Guid(4986de9b3b6eb3a4a9fc92538e093abe) Importer(815301076,1909f56bfc062723c751e8b465ee728b)
Start importing Assets/Meshes/Terrain-03.fbx using Guid(4986de9b3b6eb3a4a9fc92538e093abe) Importer(815301076,1909f56bfc062723c751e8b465ee728b)  -> (artifact id: 'd61d0f46b377df2c426076449f055392') in 0.061601 seconds
Number of updated asset objects reloaded before import = 0
Number of asset objects unloaded after import = 8
========================================================================
Received Import Request.
  Time since last request: 0.000120 seconds.
  path: Assets/Meshes/Main.fbx
  artifactKey: Guid(fb735e54c29cc82428d7f043701b853f) Importer(815301076,1909f56bfc062723c751e8b465ee728b)
Start importing Assets/Meshes/Main.fbx using Guid(fb735e54c29cc82428d7f043701b853f) Importer(815301076,1909f56bfc062723c751e8b465ee728b)  -> (artifact id: '6317d9ed35b66740dae0989b2a4d91ad') in 1.869188 seconds
Number of updated asset objects reloaded before import = 0
Number of asset objects unloaded after import = 73
========================================================================
Received Import Request.
  Time since last request: 0.000053 seconds.
  path: Assets/Meshes/Props-01.fbx
  artifactKey: Guid(024dd8b336b610e498171c240c19f6b5) Importer(815301076,1909f56bfc062723c751e8b465ee728b)
Start importing Assets/Meshes/Props-01.fbx using Guid(024dd8b336b610e498171c240c19f6b5) Importer(815301076,1909f56bfc062723c751e8b465ee728b)  -> (artifact id: '22f1dfbffde466b8d631a650e845fc91') in 1.396024 seconds
Number of updated asset objects reloaded before import = 0
Number of asset objects unloaded after import = 275
========================================================================
Received Import Request.
  Time since last request: 0.000042 seconds.
  path: Assets/Meshes/Track-02.fbx
  artifactKey: Guid(d562d44c68cfa4b499a4088aadb7b78d) Importer(815301076,1909f56bfc062723c751e8b465ee728b)
Start importing Assets/Meshes/Track-02.fbx using Guid(d562d44c68cfa4b499a4088aadb7b78d) Importer(815301076,1909f56bfc062723c751e8b465ee728b)  -> (artifact id: '9182a19318ff9aaf430d7d105cec7312') in 0.119526 seconds
Number of updated asset objects reloaded before import = 0
Number of asset objects unloaded after import = 8
========================================================================
Received Import Request.
  Time since last request: 0.000056 seconds.
  path: Assets/Meshes/Selection.fbx
  artifactKey: Guid(341cdf95b02041744ad42ae0e41845f3) Importer(815301076,1909f56bfc062723c751e8b465ee728b)
Start importing Assets/Meshes/Selection.fbx using Guid(341cdf95b02041744ad42ae0e41845f3) Importer(815301076,1909f56bfc062723c751e8b465ee728b)  -> (artifact id: '43837865e4ca5683eedd578add0847dd') in 0.578277 seconds
Number of updated asset objects reloaded before import = 0
Number of asset objects unloaded after import = 58
========================================================================
Received Import Request.
  Time since last request: 0.000075 seconds.
  path: Assets/Meshes/Terrain-04.fbx
  artifactKey: Guid(95ba6ef9e9459ba49af17eac38e68135) Importer(815301076,1909f56bfc062723c751e8b465ee728b)
Start importing Assets/Meshes/Terrain-04.fbx using Guid(95ba6ef9e9459ba49af17eac38e68135) Importer(815301076,1909f56bfc062723c751e8b465ee728b)  -> (artifact id: '899dee6907fe796098e1ed2ce2327526') in 0.342572 seconds
Number of updated asset objects reloaded before import = 0
Number of asset objects unloaded after import = 8
========================================================================
Received Import Request.
  Time since last request: 0.000045 seconds.
  path: Assets/Meshes/Wheel.fbx
  artifactKey: Guid(c2edc892e41850942a736be548598862) Importer(815301076,1909f56bfc062723c751e8b465ee728b)
Start importing Assets/Meshes/Wheel.fbx using Guid(c2edc892e41850942a736be548598862) Importer(815301076,1909f56bfc062723c751e8b465ee728b)  -> (artifact id: 'afe876bf5b7817e367fdd8c10459f79a') in 0.141712 seconds
Number of updated asset objects reloaded before import = 0
Number of asset objects unloaded after import = 8
========================================================================
Received Import Request.
  Time since last request: 0.000031 seconds.
  path: Assets/Meshes/Arrows-04.fbx
  artifactKey: Guid(68fe1ad4606ae0b4f85cdc6c8ffd021e) Importer(815301076,1909f56bfc062723c751e8b465ee728b)
Start importing Assets/Meshes/Arrows-04.fbx using Guid(68fe1ad4606ae0b4f85cdc6c8ffd021e) Importer(815301076,1909f56bfc062723c751e8b465ee728b)  -> (artifact id: '3b3aa416d018f844d9d93461ec25f5a1') in 0.187678 seconds
Number of updated asset objects reloaded before import = 0
Number of asset objects unloaded after import = 8
========================================================================
Received Import Request.
  Time since last request: 0.000034 seconds.
  path: Assets/Meshes/Props-05.fbx
  artifactKey: Guid(2ef21d816c389c04d86be168d494a92b) Importer(815301076,1909f56bfc062723c751e8b465ee728b)
Start importing Assets/Meshes/Props-05.fbx using Guid(2ef21d816c389c04d86be168d494a92b) Importer(815301076,1909f56bfc062723c751e8b465ee728b)  -> (artifact id: '68bd92cdf3f3db2e16cd878d365e175f') in 0.301705 seconds
Number of updated asset objects reloaded before import = 0
Number of asset objects unloaded after import = 45
========================================================================
Received Import Request.
  Time since last request: 0.000039 seconds.
  path: Assets/Meshes/Props-03.fbx
  artifactKey: Guid(99e12cd4099566945986ea377c8e76d6) Importer(815301076,1909f56bfc062723c751e8b465ee728b)
Start importing Assets/Meshes/Props-03.fbx using Guid(99e12cd4099566945986ea377c8e76d6) Importer(815301076,1909f56bfc062723c751e8b465ee728b)  -> (artifact id: 'b0466d4c559f369c8301cd57d8cae72d') in 0.340289 seconds
Number of updated asset objects reloaded before import = 0
Number of asset objects unloaded after import = 60
========================================================================
Received Import Request.
  Time since last request: 0.000029 seconds.
  path: Assets/Meshes/Props-04.fbx
  artifactKey: Guid(14a343756dcc96945b9c3d4cb40fb858) Importer(815301076,1909f56bfc062723c751e8b465ee728b)
Start importing Assets/Meshes/Props-04.fbx using Guid(14a343756dcc96945b9c3d4cb40fb858) Importer(815301076,1909f56bfc062723c751e8b465ee728b)  -> (artifact id: '49cdba12baa697066ed4b37536e83b0c') in 1.400007 seconds
Number of updated asset objects reloaded before import = 0
Number of asset objects unloaded after import = 140
========================================================================
Received Import Request.
  Time since last request: 0.000059 seconds.
  path: Assets/Meshes/Arrows-02.fbx
  artifactKey: Guid(a9e46fac2be6cc3429670d0a7108e237) Importer(815301076,1909f56bfc062723c751e8b465ee728b)
Start importing Assets/Meshes/Arrows-02.fbx using Guid(a9e46fac2be6cc3429670d0a7108e237) Importer(815301076,1909f56bfc062723c751e8b465ee728b)  -> (artifact id: '026d4d51d802e0275df7b875cd6bf01d') in 0.279594 seconds
Number of updated asset objects reloaded before import = 0
Number of asset objects unloaded after import = 8
========================================================================
Received Import Request.
  Time since last request: 0.000042 seconds.
  path: Assets/Meshes/Track-04.fbx
  artifactKey: Guid(bb107f1759d23fa40bb7f8647bfe88ca) Importer(815301076,1909f56bfc062723c751e8b465ee728b)
Start importing Assets/Meshes/Track-04.fbx using Guid(bb107f1759d23fa40bb7f8647bfe88ca) Importer(815301076,1909f56bfc062723c751e8b465ee728b)  -> (artifact id: 'e7a462c6a4cecb639defab921b587c8c') in 0.120837 seconds
Number of updated asset objects reloaded before import = 0
Number of asset objects unloaded after import = 8
========================================================================
Received Import Request.
  Time since last request: 0.000042 seconds.
  path: Assets/Meshes/Arrows-01.fbx
  artifactKey: Guid(cf881302948911840adb1ed37b9d04b8) Importer(815301076,1909f56bfc062723c751e8b465ee728b)
Start importing Assets/Meshes/Arrows-01.fbx using Guid(cf881302948911840adb1ed37b9d04b8) Importer(815301076,1909f56bfc062723c751e8b465ee728b)  -> (artifact id: '609862e6037389cb89248a6a373c8d3f') in 0.108008 seconds
Number of updated asset objects reloaded before import = 0
Number of asset objects unloaded after import = 8
========================================================================
Received Import Request.
  Time since last request: 1084.842911 seconds.
  path: Assets/Materials/Box.mat
  artifactKey: Guid(0bdf9f3c554e13f4d9c76e0272a4938b) Importer(815301076,1909f56bfc062723c751e8b465ee728b)
Start importing Assets/Materials/Box.mat using Guid(0bdf9f3c554e13f4d9c76e0272a4938b) Importer(815301076,1909f56bfc062723c751e8b465ee728b)  -> (artifact id: '3cfef36c92c69de554766e5d67a13f09') in 9.881540 seconds
Number of updated asset objects reloaded before import = 0
Number of asset objects unloaded after import = 1
========================================================================
Received Import Request.
  Time since last request: 0.015031 seconds.
  path: Assets/Materials/Drift.mat
  artifactKey: Guid(5c4fa5f647c3046469d1868c47f3130f) Importer(815301076,1909f56bfc062723c751e8b465ee728b)
Start importing Assets/Materials/Drift.mat using Guid(5c4fa5f647c3046469d1868c47f3130f) Importer(815301076,1909f56bfc062723c751e8b465ee728b)  -> (artifact id: '34b4f03b4aa11e195332090bebe84e42') in 0.821354 seconds
Number of updated asset objects reloaded before import = 0
Number of asset objects unloaded after import = 1
========================================================================
Received Import Request.
  Time since last request: 0.003637 seconds.
  path: Assets/Materials/Floor.mat
  artifactKey: Guid(5bfad8c540a25854087b1b8ead0b88db) Importer(815301076,1909f56bfc062723c751e8b465ee728b)
Start importing Assets/Materials/Floor.mat using Guid(5bfad8c540a25854087b1b8ead0b88db) Importer(815301076,1909f56bfc062723c751e8b465ee728b)  -> (artifact id: 'fcc44482c317380751643a862da97757') in 4.784928 seconds
Number of updated asset objects reloaded before import = 0
Number of asset objects unloaded after import = 1
========================================================================
Received Import Request.
  Time since last request: 0.000099 seconds.
  path: Assets/Materials/Tail.mat
  artifactKey: Guid(ed8d66e09adf6064e8c5eec9c4e47a4f) Importer(815301076,1909f56bfc062723c751e8b465ee728b)
Start importing Assets/Materials/Tail.mat using Guid(ed8d66e09adf6064e8c5eec9c4e47a4f) Importer(815301076,1909f56bfc062723c751e8b465ee728b)  -> (artifact id: '4c19df2b00839a25f7b910d0d5d18c98') in 0.217342 seconds
Number of updated asset objects reloaded before import = 0
Number of asset objects unloaded after import = 1
========================================================================
Received Import Request.
  Time since last request: 0.000051 seconds.
  path: Assets/Materials/Common.mat
  artifactKey: Guid(8da3c25a51263b54384301b2f14037a9) Importer(815301076,1909f56bfc062723c751e8b465ee728b)
Start importing Assets/Materials/Common.mat using Guid(8da3c25a51263b54384301b2f14037a9) Importer(815301076,1909f56bfc062723c751e8b465ee728b)  -> (artifact id: '3baf37b6bc5b09fca106f5e7f82de30e') in 0.217913 seconds
Number of updated asset objects reloaded before import = 0
Number of asset objects unloaded after import = 1
========================================================================
Received Import Request.
  Time since last request: 0.000183 seconds.
  path: Assets/Materials/Infection.mat
  artifactKey: Guid(178d6ae18ae4bbe4cbd4dd24fd3e437a) Importer(815301076,1909f56bfc062723c751e8b465ee728b)
Start importing Assets/Materials/Infection.mat using Guid(178d6ae18ae4bbe4cbd4dd24fd3e437a) Importer(815301076,1909f56bfc062723c751e8b465ee728b)  -> (artifact id: '5ecb2acb757cc8d7762c3d705cc741cb') in 0.591280 seconds
Number of updated asset objects reloaded before import = 0
Number of asset objects unloaded after import = 1
========================================================================
Received Import Request.
  Time since last request: 0.000045 seconds.
  path: Assets/Materials/Smoke.mat
  artifactKey: Guid(c50d77affeb31e14c9c062c282f13fc8) Importer(815301076,1909f56bfc062723c751e8b465ee728b)
Start importing Assets/Materials/Smoke.mat using Guid(c50d77affeb31e14c9c062c282f13fc8) Importer(815301076,1909f56bfc062723c751e8b465ee728b)  -> (artifact id: '260d0a884bd234062ee3a7f734f3a0f4') in 0.912521 seconds
Number of updated asset objects reloaded before import = 0
Number of asset objects unloaded after import = 1
========================================================================
Received Import Request.
  Time since last request: 0.000187 seconds.
  path: Assets/Materials/Head.mat
  artifactKey: Guid(fe72f557b48211048b5fe3735771fd6f) Importer(815301076,1909f56bfc062723c751e8b465ee728b)
Start importing Assets/Materials/Head.mat using Guid(fe72f557b48211048b5fe3735771fd6f) Importer(815301076,1909f56bfc062723c751e8b465ee728b)  -> (artifact id: 'ecbdbc76a0b7b0c7fc5c86c0d97d3924') in 0.112420 seconds
Number of updated asset objects reloaded before import = 0
Number of asset objects unloaded after import = 1
========================================================================
Received Import Request.
  Time since last request: 0.000151 seconds.
  path: Assets/Materials/Glass.mat
  artifactKey: Guid(ab95ab449802e4f4e8f43fd7650ab0b8) Importer(815301076,1909f56bfc062723c751e8b465ee728b)
Start importing Assets/Materials/Glass.mat using Guid(ab95ab449802e4f4e8f43fd7650ab0b8) Importer(815301076,1909f56bfc062723c751e8b465ee728b)  -> (artifact id: 'fd76e623b63ce6d82290ee69b6d4cd90') in 0.182417 seconds
Number of updated asset objects reloaded before import = 0
Number of asset objects unloaded after import = 1
========================================================================
Received Import Request.
  Time since last request: 336.347551 seconds.
  path: Assets/Materials/Box.mat
  artifactKey: Guid(0bdf9f3c554e13f4d9c76e0272a4938b) Importer(815301076,1909f56bfc062723c751e8b465ee728b)
Start importing Assets/Materials/Box.mat using Guid(0bdf9f3c554e13f4d9c76e0272a4938b) Importer(815301076,1909f56bfc062723c751e8b465ee728b)  -> (artifact id: '52ed1c7c51fc636b38c64998535a00f3') in 0.350662 seconds
Number of updated asset objects reloaded before import = 0
Number of asset objects unloaded after import = 1
========================================================================
Received Prepare
Begin MonoManager ReloadAssembly
- Loaded All Assemblies, in 48.829 seconds
Refreshing native plugins compatible for Editor in 115.31 ms, found 3 plugins.
Native extension for WindowsStandalone target not found
Native extension for Android target not found
[Package Manager] Server::EnsureServerProcessIsRunning -- launch failed, reason: Unity was launched with the -noUpm command-line argument
[Package Manager] UpmClient::Send -- Unable to send message (not connected to UPM process).
[Package Manager] Cannot connect to Unity Package Manager local server
Mono: successfully reloaded assembly
- Finished resetting the current domain, in 20.200 seconds
Domain Reload Profiling: 68994ms
	BeginReloadAssembly (29304ms)
		ExecutionOrderSort (18ms)
		DisableScriptedObjects (6372ms)
		BackupInstance (0ms)
		ReleaseScriptingObjects (22ms)
		CreateAndSetChildDomain (10180ms)
	RebuildCommonClasses (1165ms)
	RebuildNativeTypeToScriptingClass (124ms)
	initialDomainReloadingComplete (1347ms)
	LoadAllAssembliesAndSetupDomain (16853ms)
		LoadAssemblies (22609ms)
		RebuildTransferFunctionScriptingTraits (0ms)
		AnalyzeDomain (434ms)
			TypeCache.Refresh (256ms)
				TypeCache.ScanAssembly (0ms)
			ScanForSourceGeneratedMonoScriptInfo (13ms)
			ResolveRequiredComponents (145ms)
	FinalizeReload (20201ms)
		ReleaseScriptCaches (0ms)
		RebuildScriptCaches (0ms)
		SetupLoadedEditorAssemblies (1493ms)
			LogAssemblyErrors (0ms)
			InitializePlatformSupportModulesInManaged (270ms)
			SetLoadedEditorAssemblies (14ms)
			RefreshPlugins (0ms)
			BeforeProcessingInitializeOnLoad (293ms)
			ProcessInitializeOnLoadAttributes (816ms)
			ProcessInitializeOnLoadMethodAttributes (79ms)
			AfterProcessingInitializeOnLoad (10ms)
			EditorAssembliesLoaded (11ms)
		ExecutionOrderSort2 (0ms)
		AwakeInstancesAfterBackupRestoration (12ms)
Refreshing native plugins compatible for Editor in 40.58 ms, found 3 plugins.
Preloading 0 native plugins for Editor in 0.00 ms.
Unloading 3093 Unused Serialized files (Serialized files now loaded: 0)
Unloading 34 unused Assets / (0.7 MB). Loaded Objects now: 3606.
Memory consumption went from 130.7 MB to 130.0 MB.
Total: 129.823700 ms (FindLiveObjects: 0.341500 ms CreateObjectMapping: 0.216200 ms MarkObjects: 128.768000 ms  DeleteObjects: 0.491500 ms)

Prepare: number of updated asset objects reloaded= 0
AssetImportParameters requested are different than current active one (requested -> active):
  custom:container-demuxer-ogg: 62fdf1f143b41e24485cea50d1cbac27 -> 
  custom:video-decoder-ogg-theora: a1e56fd34408186e4bbccfd4996cb3dc -> 
  custom:framework-win-MediaFoundation: 216162199b28c13a410421893ffa2e32 -> 
  custom:CustomObjectIndexerAttribute: 756ad292c208cfabdd7b50bc23989ffe -> 
  custom:container-demuxer-webm: 4f35f7cbe854078d1ac9338744f61a02 -> 
  custom:container-muxer-webm: aa71ff27fc2769a1b78a27578f13a17b -> 
  custom:video-decoder-webm-vp8: 9c59270c3fd7afecdb556c50c9e8de78 -> 
  custom:SearchIndexIgnoredProperties: e643bd26f0fe6173181afceb89e7c659 -> 
  custom:AudioImporter_EditorPlatform: d09bf68614088b80899f8185d706f6e7 -> 
  custom:video-encoder-webm-vp8: eb34c28f22e8b96e1ab97ce403110664 -> 
  custom:audio-decoder-ogg-vorbis: bf7c407c2cedff20999df2af8eb42d56 -> 
  custom:audio-encoder-webm-vorbis: bf7c407c2cedff20999df2af8eb42d56 -> 
========================================================================
Received Import Request.
  Time since last request: 903.071194 seconds.
  path: Assets/Art/MainOutlinejpg_Mesa de trabajo 1.png
  artifactKey: Guid(bc9a8db3f3984eb4b8aa869ed2afe038) Importer(815301076,1909f56bfc062723c751e8b465ee728b)
Start importing Assets/Art/MainOutlinejpg_Mesa de trabajo 1.png using Guid(bc9a8db3f3984eb4b8aa869ed2afe038) Importer(815301076,1909f56bfc062723c751e8b465ee728b)  -> (artifact id: '7ebc78446b27f8fca8b8402ed5edd3a9') in 2.196671 seconds
Number of updated asset objects reloaded before import = 0
Number of asset objects unloaded after import = 3
========================================================================
Received Prepare
Begin MonoManager ReloadAssembly
- Loaded All Assemblies, in 21.582 seconds
Refreshing native plugins compatible for Editor in 219.70 ms, found 3 plugins.
Native extension for WindowsStandalone target not found
Native extension for Android target not found
[Package Manager] Server::EnsureServerProcessIsRunning -- launch failed, reason: Unity was launched with the -noUpm command-line argument
[Package Manager] UpmClient::Send -- Unable to send message (not connected to UPM process).
[Package Manager] Cannot connect to Unity Package Manager local server
Mono: successfully reloaded assembly
- Finished resetting the current domain, in 25.405 seconds
Domain Reload Profiling: 47242ms
	BeginReloadAssembly (4146ms)
		ExecutionOrderSort (0ms)
		DisableScriptedObjects (85ms)
		BackupInstance (0ms)
		ReleaseScriptingObjects (0ms)
		CreateAndSetChildDomain (416ms)
	RebuildCommonClasses (254ms)
	RebuildNativeTypeToScriptingClass (23ms)
	initialDomainReloadingComplete (204ms)
	LoadAllAssembliesAndSetupDomain (17152ms)
		LoadAssemblies (19681ms)
		RebuildTransferFunctionScriptingTraits (0ms)
		AnalyzeDomain (557ms)
			TypeCache.Refresh (318ms)
				TypeCache.ScanAssembly (0ms)
			ScanForSourceGeneratedMonoScriptInfo (1ms)
			ResolveRequiredComponents (219ms)
	FinalizeReload (25463ms)
		ReleaseScriptCaches (0ms)
		RebuildScriptCaches (0ms)
		SetupLoadedEditorAssemblies (8208ms)
			LogAssemblyErrors (0ms)
			InitializePlatformSupportModulesInManaged (940ms)
			SetLoadedEditorAssemblies (29ms)
			RefreshPlugins (0ms)
			BeforeProcessingInitializeOnLoad (1797ms)
			ProcessInitializeOnLoadAttributes (5031ms)
			ProcessInitializeOnLoadMethodAttributes (297ms)
			AfterProcessingInitializeOnLoad (112ms)
			EditorAssembliesLoaded (3ms)
		ExecutionOrderSort2 (0ms)
		AwakeInstancesAfterBackupRestoration (91ms)
Refreshing native plugins compatible for Editor in 147.18 ms, found 3 plugins.
Preloading 0 native plugins for Editor in 0.00 ms.
Unloading 3093 Unused Serialized files (Serialized files now loaded: 0)
Unloading 34 unused Assets / (0.7 MB). Loaded Objects now: 3612.
Memory consumption went from 132.6 MB to 132.0 MB.
Total: 105.334600 ms (FindLiveObjects: 2.270400 ms CreateObjectMapping: 2.811700 ms MarkObjects: 96.920100 ms  DeleteObjects: 3.325700 ms)

Prepare: number of updated asset objects reloaded= 0
AssetImportParameters requested are different than current active one (requested -> active):
  custom:container-demuxer-ogg: 62fdf1f143b41e24485cea50d1cbac27 -> 
  custom:video-decoder-ogg-theora: a1e56fd34408186e4bbccfd4996cb3dc -> 
  custom:framework-win-MediaFoundation: 216162199b28c13a410421893ffa2e32 -> 
  custom:CustomObjectIndexerAttribute: 756ad292c208cfabdd7b50bc23989ffe -> 
  custom:container-demuxer-webm: 4f35f7cbe854078d1ac9338744f61a02 -> 
  custom:container-muxer-webm: aa71ff27fc2769a1b78a27578f13a17b -> 
  custom:video-decoder-webm-vp8: 9c59270c3fd7afecdb556c50c9e8de78 -> 
  custom:SearchIndexIgnoredProperties: e643bd26f0fe6173181afceb89e7c659 -> 
  custom:AudioImporter_EditorPlatform: d09bf68614088b80899f8185d706f6e7 -> 
  custom:video-encoder-webm-vp8: eb34c28f22e8b96e1ab97ce403110664 -> 
  custom:audio-decoder-ogg-vorbis: bf7c407c2cedff20999df2af8eb42d56 -> 
  custom:audio-encoder-webm-vorbis: bf7c407c2cedff20999df2af8eb42d56 -> 
